c:\users\andre\desktop\6.837\assignment5\build\assignment5\assignment5.dir\release\texture.obj
c:\users\andre\desktop\6.837\assignment5\build\assignment5\assignment5.dir\release\framebuffer.obj
c:\users\andre\desktop\6.837\assignment5\build\assignment5\assignment5.dir\release\bindablebuffer.obj
c:\users\andre\desktop\6.837\assignment5\build\assignment5\assignment5.dir\release\bindguard.obj
c:\users\andre\desktop\6.837\assignment5\build\assignment5\assignment5.dir\release\primitivefactory.obj
c:\users\andre\desktop\6.837\assignment5\build\assignment5\assignment5.dir\release\axisnode.obj
c:\users\andre\desktop\6.837\assignment5\build\assignment5\assignment5.dir\release\shadingcomponent.obj
c:\users\andre\desktop\6.837\assignment5\build\assignment5\assignment5.dir\release\renderingcomponent.obj
c:\users\andre\desktop\6.837\assignment5\build\assignment5\assignment5.dir\release\cameracomponent.obj
c:\users\andre\desktop\6.837\assignment5\build\assignment5\assignment5.dir\release\basiccameranode.obj
c:\users\andre\desktop\6.837\assignment5\build\assignment5\assignment5.dir\release\arcballcameranode.obj
c:\users\andre\desktop\6.837\assignment5\build\assignment5\assignment5.dir\release\vertexobject.obj
c:\users\andre\desktop\6.837\assignment5\build\assignment5\assignment5.dir\release\transform.obj
c:\users\andre\desktop\6.837\assignment5\build\assignment5\assignment5.dir\release\scenenode.obj
c:\users\andre\desktop\6.837\assignment5\build\assignment5\assignment5.dir\release\scene.obj
c:\users\andre\desktop\6.837\assignment5\build\assignment5\assignment5.dir\release\renderer.obj
c:\users\andre\desktop\6.837\assignment5\build\assignment5\assignment5.dir\release\meshloader.obj
c:\users\andre\desktop\6.837\assignment5\build\assignment5\assignment5.dir\release\inputmanager.obj
c:\users\andre\desktop\6.837\assignment5\build\assignment5\assignment5.dir\release\image.obj
c:\users\andre\desktop\6.837\assignment5\build\assignment5\assignment5.dir\release\application.obj
c:\users\andre\desktop\6.837\assignment5\build\assignment5\assignment5.dir\release\helpers.obj
c:\users\andre\desktop\6.837\assignment5\build\assignment5\assignment5.dir\release\main.obj
c:\users\andre\desktop\6.837\assignment5\build\assignment5\assignment5.dir\release\sunnode.obj
c:\users\andre\desktop\6.837\assignment5\build\assignment5\assignment5.dir\release\shadowviewerapp.obj
c:\users\andre\desktop\6.837\assignment5\build\assignment5\assignment5.dir\release\imgui_impl_opengl3.obj
c:\users\andre\desktop\6.837\assignment5\build\assignment5\assignment5.dir\release\imgui_impl_glfw.obj
c:\users\andre\desktop\6.837\assignment5\build\assignment5\assignment5.dir\release\imgui_widgets.obj
c:\users\andre\desktop\6.837\assignment5\build\assignment5\assignment5.dir\release\imgui_draw.obj
c:\users\andre\desktop\6.837\assignment5\build\assignment5\assignment5.dir\release\imgui_demo.obj
c:\users\andre\desktop\6.837\assignment5\build\assignment5\assignment5.dir\release\imgui.obj
c:\users\andre\desktop\6.837\assignment5\build\assignment5\assignment5.dir\release\utils.obj
c:\users\andre\desktop\6.837\assignment5\build\assignment5\assignment5.dir\release\simpleshader.obj
c:\users\andre\desktop\6.837\assignment5\build\assignment5\assignment5.dir\release\shaderprogram.obj
c:\users\andre\desktop\6.837\assignment5\build\assignment5\assignment5.dir\release\plaintextureshader.obj
c:\users\andre\desktop\6.837\assignment5\build\assignment5\assignment5.dir\release\phongshader.obj
c:\users\andre\desktop\6.837\assignment5\build\assignment5\assignment5.dir\release\objparser.obj
c:\users\andre\desktop\6.837\assignment5\build\assignment5\assignment5.dir\release\vertexarray.obj
c:\users\andre\desktop\6.837\assignment5\build\assignment5\assignment5.dir\release\glad.obj
c:\users\andre\desktop\6.837\assignment5\build\assignment5\assignment5.dir\release\shadowshader.obj
c:\users\andre\desktop\6.837\assignment5\build\assignment5\cmakefiles\generate.stamp
c:\users\andre\desktop\6.837\assignment5\build\assignment5\release\assignment5.exe
c:\users\andre\desktop\6.837\assignment5\build\assignment5\assignment5.dir\release\assignment5.tlog\cl.command.1.tlog
c:\users\andre\desktop\6.837\assignment5\build\assignment5\assignment5.dir\release\assignment5.tlog\cl.read.1.tlog
c:\users\andre\desktop\6.837\assignment5\build\assignment5\assignment5.dir\release\assignment5.tlog\cl.write.1.tlog
c:\users\andre\desktop\6.837\assignment5\build\assignment5\assignment5.dir\release\assignment5.tlog\custombuild.command.1.tlog
c:\users\andre\desktop\6.837\assignment5\build\assignment5\assignment5.dir\release\assignment5.tlog\custombuild.read.1.tlog
c:\users\andre\desktop\6.837\assignment5\build\assignment5\assignment5.dir\release\assignment5.tlog\custombuild.write.1.tlog
c:\users\andre\desktop\6.837\assignment5\build\assignment5\assignment5.dir\release\assignment5.tlog\link.command.1.tlog
c:\users\andre\desktop\6.837\assignment5\build\assignment5\assignment5.dir\release\assignment5.tlog\link.read.1.tlog
c:\users\andre\desktop\6.837\assignment5\build\assignment5\assignment5.dir\release\assignment5.tlog\link.write.1.tlog
