c:\users\andre\desktop\6.837\assignment5\build\assignment5\assignment5.dir\debug\vc142.pdb
c:\users\andre\desktop\6.837\assignment5\build\assignment5\assignment5.dir\debug\texture.obj
c:\users\andre\desktop\6.837\assignment5\build\assignment5\assignment5.dir\debug\framebuffer.obj
c:\users\andre\desktop\6.837\assignment5\build\assignment5\assignment5.dir\debug\bindablebuffer.obj
c:\users\andre\desktop\6.837\assignment5\build\assignment5\assignment5.dir\debug\bindguard.obj
c:\users\andre\desktop\6.837\assignment5\build\assignment5\assignment5.dir\debug\primitivefactory.obj
c:\users\andre\desktop\6.837\assignment5\build\assignment5\assignment5.dir\debug\axisnode.obj
c:\users\andre\desktop\6.837\assignment5\build\assignment5\assignment5.dir\debug\shadingcomponent.obj
c:\users\andre\desktop\6.837\assignment5\build\assignment5\assignment5.dir\debug\renderingcomponent.obj
c:\users\andre\desktop\6.837\assignment5\build\assignment5\assignment5.dir\debug\cameracomponent.obj
c:\users\andre\desktop\6.837\assignment5\build\assignment5\assignment5.dir\debug\basiccameranode.obj
c:\users\andre\desktop\6.837\assignment5\build\assignment5\assignment5.dir\debug\arcballcameranode.obj
c:\users\andre\desktop\6.837\assignment5\build\assignment5\assignment5.dir\debug\vertexobject.obj
c:\users\andre\desktop\6.837\assignment5\build\assignment5\assignment5.dir\debug\transform.obj
c:\users\andre\desktop\6.837\assignment5\build\assignment5\assignment5.dir\debug\scenenode.obj
c:\users\andre\desktop\6.837\assignment5\build\assignment5\assignment5.dir\debug\scene.obj
c:\users\andre\desktop\6.837\assignment5\build\assignment5\assignment5.dir\debug\renderer.obj
c:\users\andre\desktop\6.837\assignment5\build\assignment5\assignment5.dir\debug\meshloader.obj
c:\users\andre\desktop\6.837\assignment5\build\assignment5\assignment5.dir\debug\inputmanager.obj
c:\users\andre\desktop\6.837\assignment5\build\assignment5\assignment5.dir\debug\image.obj
c:\users\andre\desktop\6.837\assignment5\build\assignment5\assignment5.dir\debug\application.obj
c:\users\andre\desktop\6.837\assignment5\build\assignment5\assignment5.dir\debug\helpers.obj
c:\users\andre\desktop\6.837\assignment5\build\assignment5\assignment5.dir\debug\main.obj
c:\users\andre\desktop\6.837\assignment5\build\assignment5\assignment5.dir\debug\sunnode.obj
c:\users\andre\desktop\6.837\assignment5\build\assignment5\assignment5.dir\debug\shadowviewerapp.obj
c:\users\andre\desktop\6.837\assignment5\build\assignment5\assignment5.dir\debug\imgui_impl_opengl3.obj
c:\users\andre\desktop\6.837\assignment5\build\assignment5\assignment5.dir\debug\imgui_impl_glfw.obj
c:\users\andre\desktop\6.837\assignment5\build\assignment5\assignment5.dir\debug\imgui_widgets.obj
c:\users\andre\desktop\6.837\assignment5\build\assignment5\assignment5.dir\debug\imgui_draw.obj
c:\users\andre\desktop\6.837\assignment5\build\assignment5\assignment5.dir\debug\imgui_demo.obj
c:\users\andre\desktop\6.837\assignment5\build\assignment5\assignment5.dir\debug\imgui.obj
c:\users\andre\desktop\6.837\assignment5\build\assignment5\assignment5.dir\debug\utils.obj
c:\users\andre\desktop\6.837\assignment5\build\assignment5\assignment5.dir\debug\simpleshader.obj
c:\users\andre\desktop\6.837\assignment5\build\assignment5\assignment5.dir\debug\shaderprogram.obj
c:\users\andre\desktop\6.837\assignment5\build\assignment5\assignment5.dir\debug\plaintextureshader.obj
c:\users\andre\desktop\6.837\assignment5\build\assignment5\assignment5.dir\debug\phongshader.obj
c:\users\andre\desktop\6.837\assignment5\build\assignment5\assignment5.dir\debug\objparser.obj
c:\users\andre\desktop\6.837\assignment5\build\assignment5\assignment5.dir\debug\vertexarray.obj
c:\users\andre\desktop\6.837\assignment5\build\assignment5\assignment5.dir\debug\glad.obj
c:\users\andre\desktop\6.837\assignment5\build\assignment5\assignment5.dir\debug\shadowshader.obj
c:\users\andre\desktop\6.837\assignment5\build\assignment5\cmakefiles\generate.stamp
c:\users\andre\desktop\6.837\assignment5\build\assignment5\debug\assignment5.exe
c:\users\andre\desktop\6.837\assignment5\build\assignment5\debug\assignment5.ilk
c:\users\andre\desktop\6.837\assignment5\build\assignment5\debug\assignment5.pdb
c:\users\andre\desktop\6.837\assignment5\build\assignment5\assignment5.dir\debug\assignment5.tlog\cl.command.1.tlog
c:\users\andre\desktop\6.837\assignment5\build\assignment5\assignment5.dir\debug\assignment5.tlog\cl.read.1.tlog
c:\users\andre\desktop\6.837\assignment5\build\assignment5\assignment5.dir\debug\assignment5.tlog\cl.write.1.tlog
c:\users\andre\desktop\6.837\assignment5\build\assignment5\assignment5.dir\debug\assignment5.tlog\custombuild.command.1.tlog
c:\users\andre\desktop\6.837\assignment5\build\assignment5\assignment5.dir\debug\assignment5.tlog\custombuild.read.1.tlog
c:\users\andre\desktop\6.837\assignment5\build\assignment5\assignment5.dir\debug\assignment5.tlog\custombuild.write.1.tlog
c:\users\andre\desktop\6.837\assignment5\build\assignment5\assignment5.dir\debug\assignment5.tlog\link.20780.delete.1.tlog
c:\users\andre\desktop\6.837\assignment5\build\assignment5\assignment5.dir\debug\assignment5.tlog\link.command.1.tlog
c:\users\andre\desktop\6.837\assignment5\build\assignment5\assignment5.dir\debug\assignment5.tlog\link.read.1.tlog
c:\users\andre\desktop\6.837\assignment5\build\assignment5\assignment5.dir\debug\assignment5.tlog\link.write.1.tlog
